<?xml version="1.0" encoding="UTF-8"?>
<testsuite xmlns:xsi="http://www.w3.org/2001/XMLSchema-instance"
           xsi:noNamespaceSchemaLocation="https://maven.apache.org/surefire/maven-surefire-plugin/xsd/surefire-test-report-3.0.xsd" version="3.0" name="Lab2Maven.AppTest" time="0.047" tests="6" errors="0" skipped="0" failures="0">
  <properties>
[...]
</properties>
  <testcase name="addTheme" classname="Lab2Maven.AddTheme" time="0"/>
  <testcase name="checkDuplicates" classname="Lab2Maven.AddTheme" time="0"/>
  <testcase name="checkId" classname="Lab2Maven.AddTheme" time="0"/>
  <testcase name="checkDeadline" classname="Lab2Maven.AddTheme" time="0"/>
  <testcase name="checkSaptPrimire" classname="Lab2Maven.AddTheme" time="0"/>
</testsuite>